<?xml version="1.0" encoding="UTF-8"?>
<!-- Generated by org.testng.reporters.JUnitReportReporter -->
<testsuite skipped="0" hostname="DESKTOP-JKPPEN4" name="com.App.Test.Framework.NewTest" tests="1" failures="0" timestamp="15 May 2020 15:56:44 GMT" time="74.136" errors="0">
  <testcase name="f" time="74.136" classname="com.App.Test.Framework.NewTest"/>
</testsuite> <!-- com.App.Test.Framework.NewTest -->
