<?xml version="1.0" encoding="UTF-8"?>
<!-- Generated by org.testng.reporters.JUnitReportReporter -->
<testsuite skipped="0" hostname="DESKTOP-JKPPEN4" name="com.App.Test.Framework.AppTest" tests="1" failures="0" timestamp="15 May 2020 15:57:31 GMT" time="0.001" errors="0">
  <testcase name="testApp" time="0.001" classname="com.App.Test.Framework.AppTest"/>
</testsuite> <!-- com.App.Test.Framework.AppTest -->
