<?xml version="1.0" encoding="UTF-8"?>
<!-- Generated by org.testng.reporters.JUnitReportReporter -->
<testsuite skipped="0" hostname="DESKTOP-JKPPEN4" name="com.App.Test.Framework.MyTest" tests="1" failures="0" timestamp="15 May 2020 15:57:31 GMT" time="46.467" errors="0">
  <testcase name="testing" time="46.467" classname="com.App.Test.Framework.MyTest"/>
</testsuite> <!-- com.App.Test.Framework.MyTest -->
