<?xml version="1.0" encoding="UTF-8"?>
<!-- Generated by org.testng.reporters.JUnitReportReporter -->
<testsuite hostname="DESKTOP-JKPPEN4" name="com.App.Test.Framework.NewTest" tests="1" failures="0" timestamp="29 Apr 2020 10:22:39 GMT" time="39.684" errors="0">
  <testcase name="f" time="39.684" classname="com.App.Test.Framework.NewTest"/>
</testsuite> <!-- com.App.Test.Framework.NewTest -->
